This is pdfTeX, Version 3.14159265-2.6-1.40.17 (TeX Live 2016) (preloaded format=pdflatex 2016.5.22)  3 AUG 2016 12:20
entering extended mode
 restricted \write18 enabled.
 %&-line parsing enabled.
**figures.tex
(./figures.tex
LaTeX2e <2016/03/31>
Babel <3.9r> and hyphenation patterns for 83 language(s) loaded.
(/usr/local/texlive/2016/texmf-dist/tex/latex/base/article.cls
Document Class: article 2014/09/29 v1.4h Standard LaTeX document class
(/usr/local/texlive/2016/texmf-dist/tex/latex/base/size10.clo
File: size10.clo 2014/09/29 v1.4h Standard LaTeX file (size option)
)
\c@part=\count79
\c@section=\count80
\c@subsection=\count81
\c@subsubsection=\count82
\c@paragraph=\count83
\c@subparagraph=\count84
\c@figure=\count85
\c@table=\count86
\abovecaptionskip=\skip41
\belowcaptionskip=\skip42
\bibindent=\dimen102
)
(/usr/local/texlive/2016/texmf-dist/tex/latex/graphics/graphicx.sty
Package: graphicx 2014/10/28 v1.0g Enhanced LaTeX Graphics (DPC,SPQR)

(/usr/local/texlive/2016/texmf-dist/tex/latex/graphics/keyval.sty
Package: keyval 2014/10/28 v1.15 key=value parser (DPC)
\KV@toks@=\toks14
)
(/usr/local/texlive/2016/texmf-dist/tex/latex/graphics/graphics.sty
Package: graphics 2016/05/09 v1.0r Standard LaTeX Graphics (DPC,SPQR)

(/usr/local/texlive/2016/texmf-dist/tex/latex/graphics/trig.sty
Package: trig 2016/01/03 v1.10 sin cos tan (DPC)
)
(/usr/local/texlive/2016/texmf-dist/tex/latex/graphics-cfg/graphics.cfg
File: graphics.cfg 2016/01/02 v1.10 sample graphics configuration
)
Package graphics Info: Driver file: pdftex.def on input line 96.

(/usr/local/texlive/2016/texmf-dist/tex/latex/pdftex-def/pdftex.def
File: pdftex.def 2011/05/27 v0.06d Graphics/color for pdfTeX

(/usr/local/texlive/2016/texmf-dist/tex/generic/oberdiek/infwarerr.sty
Package: infwarerr 2016/05/16 v1.4 Providing info/warning/error messages (HO)
)
(/usr/local/texlive/2016/texmf-dist/tex/generic/oberdiek/ltxcmds.sty
Package: ltxcmds 2016/05/16 v1.23 LaTeX kernel commands for general use (HO)
)
\Gread@gobject=\count87
))
\Gin@req@height=\dimen103
\Gin@req@width=\dimen104
)
(/usr/local/texlive/2016/texmf-dist/tex/latex/xcolor/xcolor.sty
Package: xcolor 2016/05/11 v2.12 LaTeX color extensions (UK)

(/usr/local/texlive/2016/texmf-dist/tex/latex/graphics-cfg/color.cfg
File: color.cfg 2016/01/02 v1.6 sample color configuration
)
Package xcolor Info: Driver file: pdftex.def on input line 225.
Package xcolor Info: Model `cmy' substituted by `cmy0' on input line 1348.
Package xcolor Info: Model `hsb' substituted by `rgb' on input line 1352.
Package xcolor Info: Model `RGB' extended on input line 1364.
Package xcolor Info: Model `HTML' substituted by `rgb' on input line 1366.
Package xcolor Info: Model `Hsb' substituted by `hsb' on input line 1367.
Package xcolor Info: Model `tHsb' substituted by `hsb' on input line 1368.
Package xcolor Info: Model `HSB' substituted by `hsb' on input line 1369.
Package xcolor Info: Model `Gray' substituted by `gray' on input line 1370.
Package xcolor Info: Model `wave' substituted by `hsb' on input line 1371.
)
(/usr/local/texlive/2016/texmf-dist/tex/latex/framed/framed.sty
Package: framed 2011/10/22 v 0.96: framed or shaded text with page breaks
\OuterFrameSep=\skip43
\fb@frw=\dimen105
\fb@frh=\dimen106
\FrameRule=\dimen107
\FrameSep=\dimen108
)
(/usr/local/texlive/2016/texmf-dist/tex/latex/base/alltt.sty
Package: alltt 1997/06/16 v2.0g defines alltt environment
)
(/usr/local/texlive/2016/texmf-dist/tex/latex/upquote/upquote.sty
Package: upquote 2012/04/19 v1.3 upright-quote and grave-accent glyphs in verba
tim
)
(./figures.aux)
\openout1 = `figures.aux'.

LaTeX Font Info:    Checking defaults for OML/cmm/m/it on input line 52.
LaTeX Font Info:    ... okay on input line 52.
LaTeX Font Info:    Checking defaults for T1/cmr/m/n on input line 52.
LaTeX Font Info:    ... okay on input line 52.
LaTeX Font Info:    Checking defaults for OT1/cmr/m/n on input line 52.
LaTeX Font Info:    ... okay on input line 52.
LaTeX Font Info:    Checking defaults for OMS/cmsy/m/n on input line 52.
LaTeX Font Info:    ... okay on input line 52.
LaTeX Font Info:    Checking defaults for OMX/cmex/m/n on input line 52.
LaTeX Font Info:    ... okay on input line 52.
LaTeX Font Info:    Checking defaults for U/cmr/m/n on input line 52.
LaTeX Font Info:    ... okay on input line 52.

(/usr/local/texlive/2016/texmf-dist/tex/context/base/mkii/supp-pdf.mkii
[Loading MPS to PDF converter (version 2006.09.02).]
\scratchcounter=\count88
\scratchdimen=\dimen109
\scratchbox=\box26
\nofMPsegments=\count89
\nofMParguments=\count90
\everyMPshowfont=\toks15
\MPscratchCnt=\count91
\MPscratchDim=\dimen110
\MPnumerator=\count92
\makeMPintoPDFobject=\count93
\everyMPtoPDFconversion=\toks16
) (/usr/local/texlive/2016/texmf-dist/tex/generic/oberdiek/pdftexcmds.sty
Package: pdftexcmds 2016/05/10 v0.21 Utility functions of pdfTeX for LuaTeX (HO
)

(/usr/local/texlive/2016/texmf-dist/tex/generic/oberdiek/ifluatex.sty
Package: ifluatex 2016/05/16 v1.4 Provides the ifluatex switch (HO)
Package ifluatex Info: LuaTeX not detected.
)
(/usr/local/texlive/2016/texmf-dist/tex/generic/oberdiek/ifpdf.sty
Package: ifpdf 2016/05/14 v3.1 Provides the ifpdf switch
)
Package pdftexcmds Info: LuaTeX not detected.
Package pdftexcmds Info: \pdf@primitive is available.
Package pdftexcmds Info: \pdf@ifprimitive is available.
Package pdftexcmds Info: \pdfdraftmode found.
)
(/usr/local/texlive/2016/texmf-dist/tex/latex/oberdiek/epstopdf-base.sty
Package: epstopdf-base 2016/05/15 v2.6 Base part for package epstopdf

(/usr/local/texlive/2016/texmf-dist/tex/latex/oberdiek/grfext.sty
Package: grfext 2016/05/16 v1.2 Manage graphics extensions (HO)

(/usr/local/texlive/2016/texmf-dist/tex/generic/oberdiek/kvdefinekeys.sty
Package: kvdefinekeys 2016/05/16 v1.4 Define keys (HO)
))
(/usr/local/texlive/2016/texmf-dist/tex/latex/oberdiek/kvoptions.sty
Package: kvoptions 2016/05/16 v3.12 Key value format for package options (HO)

(/usr/local/texlive/2016/texmf-dist/tex/generic/oberdiek/kvsetkeys.sty
Package: kvsetkeys 2016/05/16 v1.17 Key value parser (HO)

(/usr/local/texlive/2016/texmf-dist/tex/generic/oberdiek/etexcmds.sty
Package: etexcmds 2016/05/16 v1.6 Avoid name clashes with e-TeX commands (HO)
Package etexcmds Info: Could not find \expanded.
(etexcmds)             That can mean that you are not using pdfTeX 1.50 or
(etexcmds)             that some package has redefined \expanded.
(etexcmds)             In the latter case, load this package earlier.
)))
Package grfext Info: Graphics extension search list:
(grfext)             [.png,.pdf,.jpg,.mps,.jpeg,.jbig2,.jb2,.PNG,.PDF,.JPG,.JPE
G,.JBIG2,.JB2,.eps]
(grfext)             \AppendGraphicsExtensions on input line 456.

(/usr/local/texlive/2016/texmf-dist/tex/latex/latexconfig/epstopdf-sys.cfg
File: epstopdf-sys.cfg 2010/07/13 v1.3 Configuration of (r)epstopdf for TeX Liv
e
))
<figure/sim_results-1.pdf, id=1, 433.62pt x 289.08pt>
File: figure/sim_results-1.pdf Graphic file (type pdf)

<use figure/sim_results-1.pdf>
Package pdftex.def Info: figure/sim_results-1.pdf used on input line 59.
(pdftex.def)             Requested size: 345.0pt x 230.01158pt.
 [1{/usr/local/texlive/2016/texmf-var/fonts/map/pdftex/updmap/pdftex.map} <./fi
gure/sim_results-1.pdf>]
<figure/BICred_plot-1.pdf, id=13, 433.62pt x 289.08pt>
File: figure/BICred_plot-1.pdf Graphic file (type pdf)

<use figure/BICred_plot-1.pdf>
Package pdftex.def Info: figure/BICred_plot-1.pdf used on input line 71.
(pdftex.def)             Requested size: 345.0pt x 230.01158pt.

Overfull \hbox (15.0pt too wide) in paragraph at lines 71--72
[][] 
 []

[2


 <./figure/BICred_plot-1.pdf>]
<figure/adj_BIC_comparisons-1.pdf, id=23, 578.16pt x 289.08pt>
File: figure/adj_BIC_comparisons-1.pdf Graphic file (type pdf)

<use figure/adj_BIC_comparisons-1.pdf>
Package pdftex.def Info: figure/adj_BIC_comparisons-1.pdf used on input line 80
.
(pdftex.def)             Requested size: 345.0pt x 172.49655pt.

Overfull \hbox (15.0pt too wide) in paragraph at lines 80--81
[][] 
 []

[3

 <./figure/adj_BIC_comparisons-1.pdf>]
<figure/avg_step_length_by_time-1.pdf, id=39, 578.16pt x 289.08pt>
File: figure/avg_step_length_by_time-1.pdf Graphic file (type pdf)

<use figure/avg_step_length_by_time-1.pdf>
Package pdftex.def Info: figure/avg_step_length_by_time-1.pdf used on input lin
e 88.
(pdftex.def)             Requested size: 345.0pt x 172.49655pt.

Overfull \hbox (15.0pt too wide) in paragraph at lines 88--89
[][] 
 []

[4

 <./figure/avg_step_length_by_time-1.pdf>]
<figure/acf_plot-1.pdf, id=53, 433.62pt x 289.08pt>
File: figure/acf_plot-1.pdf Graphic file (type pdf)

<use figure/acf_plot-1.pdf>
Package pdftex.def Info: figure/acf_plot-1.pdf used on input line 96.
(pdftex.def)             Requested size: 345.0pt x 230.01158pt.

Overfull \hbox (15.0pt too wide) in paragraph at lines 96--97
[][] 
 []

[5

 <./figure/acf_plot-1.pdf>]
<figure/r_msdlist-1.pdf, id=66, 433.62pt x 289.08pt>
File: figure/r_msdlist-1.pdf Graphic file (type pdf)

<use figure/r_msdlist-1.pdf>
Package pdftex.def Info: figure/r_msdlist-1.pdf used on input line 104.
(pdftex.def)             Requested size: 345.0pt x 230.01158pt.

Overfull \hbox (15.0pt too wide) in paragraph at lines 104--105
[][] 
 []

[6

 <./figure/r_msdlist-1.pdf>]
<figure/BICred_plot2-1.pdf, id=75, 433.62pt x 289.08pt>
File: figure/BICred_plot2-1.pdf Graphic file (type pdf)

<use figure/BICred_plot2-1.pdf>
Package pdftex.def Info: figure/BICred_plot2-1.pdf used on input line 115.
(pdftex.def)             Requested size: 345.0pt x 230.01158pt.
 [7

 <./figure/BICred_plot2-1.pdf>]
<figure/adj_BIC_comparisons2-1.pdf, id=87, 578.16pt x 289.08pt>
File: figure/adj_BIC_comparisons2-1.pdf Graphic file (type pdf)

<use figure/adj_BIC_comparisons2-1.pdf>
Package pdftex.def Info: figure/adj_BIC_comparisons2-1.pdf used on input line 1
25.
(pdftex.def)             Requested size: 345.0pt x 172.49655pt.

Overfull \hbox (15.0pt too wide) in paragraph at lines 125--126
[][] 
 []

[8

 <./figure/adj_BIC_comparisons2-1.pdf>]
<figure/avg_step_length_by_time2-1.pdf, id=103, 578.16pt x 289.08pt>
File: figure/avg_step_length_by_time2-1.pdf Graphic file (type pdf)

<use figure/avg_step_length_by_time2-1.pdf>
Package pdftex.def Info: figure/avg_step_length_by_time2-1.pdf used on input li
ne 133.
(pdftex.def)             Requested size: 345.0pt x 172.49655pt.

Overfull \hbox (15.0pt too wide) in paragraph at lines 133--134
[][] 
 []

[9

 <./figure/avg_step_length_by_time2-1.pdf>]
<figure/acf_plot2-1.pdf, id=117, 433.62pt x 289.08pt>
File: figure/acf_plot2-1.pdf Graphic file (type pdf)

<use figure/acf_plot2-1.pdf>
Package pdftex.def Info: figure/acf_plot2-1.pdf used on input line 141.
(pdftex.def)             Requested size: 345.0pt x 230.01158pt.

Overfull \hbox (15.0pt too wide) in paragraph at lines 141--142
[][] 
 []

[10

 <./figure/acf_plot2-1.pdf>]
<figure/BICred_plot14-1.pdf, id=130, 433.62pt x 289.08pt>
File: figure/BICred_plot14-1.pdf Graphic file (type pdf)

<use figure/BICred_plot14-1.pdf>
Package pdftex.def Info: figure/BICred_plot14-1.pdf used on input line 151.
(pdftex.def)             Requested size: 345.0pt x 230.01158pt.

Overfull \hbox (15.0pt too wide) in paragraph at lines 151--152
[][] 
 []

[11

 <./figure/BICred_plot14-1.pdf>]
<figure/adj_BIC_comparisons14-1.pdf, id=141, 578.16pt x 289.08pt>
File: figure/adj_BIC_comparisons14-1.pdf Graphic file (type pdf)

<use figure/adj_BIC_comparisons14-1.pdf>
Package pdftex.def Info: figure/adj_BIC_comparisons14-1.pdf used on input line 
160.
(pdftex.def)             Requested size: 345.0pt x 172.49655pt.

Overfull \hbox (15.0pt too wide) in paragraph at lines 160--161
[][] 
 []

[12

 <./figure/adj_BIC_comparisons14-1.pdf>]
<figure/avg_step_length_by_time14-1.pdf, id=157, 578.16pt x 289.08pt>
File: figure/avg_step_length_by_time14-1.pdf Graphic file (type pdf)

<use figure/avg_step_length_by_time14-1.pdf>
Package pdftex.def Info: figure/avg_step_length_by_time14-1.pdf used on input l
ine 168.
(pdftex.def)             Requested size: 345.0pt x 172.49655pt.

Overfull \hbox (15.0pt too wide) in paragraph at lines 168--169
[][] 
 []

[13

 <./figure/avg_step_length_by_time14-1.pdf>]
<figure/acf_plot14-1.pdf, id=172, 433.62pt x 289.08pt>
File: figure/acf_plot14-1.pdf Graphic file (type pdf)

<use figure/acf_plot14-1.pdf>
Package pdftex.def Info: figure/acf_plot14-1.pdf used on input line 176.
(pdftex.def)             Requested size: 345.0pt x 230.01158pt.

Overfull \hbox (15.0pt too wide) in paragraph at lines 176--177
[][] 
 []

[14

 <./figure/acf_plot14-1.pdf>]
<figure/BICred_plot15-1.pdf, id=185, 433.62pt x 289.08pt>
File: figure/BICred_plot15-1.pdf Graphic file (type pdf)

<use figure/BICred_plot15-1.pdf>
Package pdftex.def Info: figure/BICred_plot15-1.pdf used on input line 185.
(pdftex.def)             Requested size: 345.0pt x 230.01158pt.

Overfull \hbox (15.0pt too wide) in paragraph at lines 185--186
[][] 
 []

[15

 <./figure/BICred_plot15-1.pdf>]
<figure/adj_BIC_comparisons15-1.pdf, id=195, 578.16pt x 289.08pt>
File: figure/adj_BIC_comparisons15-1.pdf Graphic file (type pdf)

<use figure/adj_BIC_comparisons15-1.pdf>
Package pdftex.def Info: figure/adj_BIC_comparisons15-1.pdf used on input line 
194.
(pdftex.def)             Requested size: 345.0pt x 172.49655pt.

Overfull \hbox (15.0pt too wide) in paragraph at lines 194--195
[][] 
 []

[16

 <./figure/adj_BIC_comparisons15-1.pdf>]
<figure/avg_step_length_by_time15-1.pdf, id=211, 578.16pt x 289.08pt>
File: figure/avg_step_length_by_time15-1.pdf Graphic file (type pdf)

<use figure/avg_step_length_by_time15-1.pdf>
Package pdftex.def Info: figure/avg_step_length_by_time15-1.pdf used on input l
ine 202.
(pdftex.def)             Requested size: 345.0pt x 172.49655pt.

Overfull \hbox (15.0pt too wide) in paragraph at lines 202--203
[][] 
 []

[17

 <./figure/avg_step_length_by_time15-1.pdf>]
<figure/acf_plot15-1.pdf, id=225, 433.62pt x 289.08pt>
File: figure/acf_plot15-1.pdf Graphic file (type pdf)

<use figure/acf_plot15-1.pdf>
Package pdftex.def Info: figure/acf_plot15-1.pdf used on input line 210.
(pdftex.def)             Requested size: 345.0pt x 230.01158pt.

Overfull \hbox (15.0pt too wide) in paragraph at lines 210--211
[][] 
 []

[18

 <./figure/acf_plot15-1.pdf>] (./figures.aux) ) 
Here is how much of TeX's memory you used:
 2116 strings out of 493014
 30712 string characters out of 6133351
 90045 words of memory out of 5000000
 5640 multiletter control sequences out of 15000+600000
 4245 words of font info for 16 fonts, out of 8000000 for 9000
 1141 hyphenation exceptions out of 8191
 38i,6n,35p,284b,254s stack positions out of 5000i,500n,10000p,200000b,80000s
</usr/local/texlive/2016/texmf-d
ist/fonts/type1/public/amsfonts/cm/cmbx12.pfb></usr/local/texlive/2016/texmf-di
st/fonts/type1/public/amsfonts/cm/cmr10.pfb>
Output written on figures.pdf (18 pages, 151161 bytes).
PDF statistics:
 247 PDF objects out of 1000 (max. 8388607)
 187 compressed objects within 2 object streams
 0 named destinations out of 1000 (max. 500000)
 91 words of extra memory for PDF output out of 10000 (max. 10000000)

